<?xml version="1.0" encoding="UTF-8"?>
<!-- Generated by org.testng.reporters.JUnitXMLReporter -->
<testsuite ignored="0" hostname="Bharani" failures="0" tests="4" name="Test" time="0.074" errors="0" timestamp="2022-09-12T15:53:45 IST">
  <testcase classname="scripts.Test3" name="tc2" time="0.01"/>
  <testcase classname="scripts.Test2" name="tc2" time="0.002"/>
  <testcase classname="scripts.Test1" name="tc2" time="0.004"/>
  <testcase classname="scripts.Test0" name="tc1" time="0.002"/>
</testsuite> <!-- Test -->
